{"/home/aditbro/balooney/backend/src/gameController.ts": {"path":"/home/aditbro/balooney/backend/src/gameController.ts","statementMap":{"0":{"start":{"line":1,"column":0},"end":{"line":1,"column":34}},"1":{"start":{"line":2,"column":0},"end":{"line":2,"column":31}},"2":{"start":{"line":14,"column":8},"end":{"line":14,"column":26}},"3":{"start":{"line":15,"column":8},"end":{"line":15,"column":26}},"4":{"start":{"line":16,"column":8},"end":{"line":16,"column":38}},"5":{"start":{"line":17,"column":8},"end":{"line":21,"column":11}},"6":{"start":{"line":25,"column":8},"end":{"line":32,"column":null}},"7":{"start":{"line":27,"column":16},"end":{"line":27,"column":40}},"8":{"start":{"line":28,"column":16},"end":{"line":28,"column":22}},"9":{"start":{"line":30,"column":16},"end":{"line":30,"column":35}},"10":{"start":{"line":31,"column":16},"end":{"line":31,"column":22}},"11":{"start":{"line":36,"column":8},"end":{"line":43,"column":null}},"12":{"start":{"line":37,"column":39},"end":{"line":37,"column":54}},"13":{"start":{"line":38,"column":12},"end":{"line":38,"column":45}},"14":{"start":{"line":40,"column":27},"end":{"line":40,"column":47}},"15":{"start":{"line":41,"column":12},"end":{"line":41,"column":30}},"16":{"start":{"line":42,"column":12},"end":{"line":42,"column":19}},"17":{"start":{"line":47,"column":8},"end":{"line":51,"column":null}},"18":{"start":{"line":48,"column":27},"end":{"line":48,"column":53}},"19":{"start":{"line":49,"column":12},"end":{"line":49,"column":30}},"20":{"start":{"line":50,"column":12},"end":{"line":50,"column":19}},"21":{"start":{"line":52,"column":8},"end":{"line":52,"column":42}},"22":{"start":{"line":53,"column":8},"end":{"line":53,"column":28}},"23":{"start":{"line":57,"column":8},"end":{"line":61,"column":null}},"24":{"start":{"line":58,"column":34},"end":{"line":58,"column":56}},"25":{"start":{"line":59,"column":12},"end":{"line":59,"column":37}},"26":{"start":{"line":60,"column":12},"end":{"line":60,"column":19}},"27":{"start":{"line":63,"column":28},"end":{"line":63,"column":39}},"28":{"start":{"line":65,"column":8},"end":{"line":69,"column":null}},"29":{"start":{"line":66,"column":12},"end":{"line":66,"column":41}},"30":{"start":{"line":68,"column":12},"end":{"line":68,"column":41}},"31":{"start":{"line":71,"column":8},"end":{"line":76,"column":11}},"32":{"start":{"line":78,"column":25},"end":{"line":78,"column":57}},"33":{"start":{"line":79,"column":8},"end":{"line":79,"column":28}},"34":{"start":{"line":80,"column":8},"end":{"line":80,"column":28}},"35":{"start":{"line":84,"column":22},"end":{"line":88,"column":11}},"36":{"start":{"line":84,"column":50},"end":{"line":88,"column":10}},"37":{"start":{"line":89,"column":22},"end":{"line":92,"column":10}},"38":{"start":{"line":93,"column":8},"end":{"line":95,"column":null}},"39":{"start":{"line":94,"column":12},"end":{"line":94,"column":40}},"40":{"start":{"line":99,"column":8},"end":{"line":99,"column":28}},"41":{"start":{"line":103,"column":8},"end":{"line":103,"column":27}},"42":{"start":{"line":4,"column":0},"end":{"line":4,"column":13}}},"fnMap":{"0":{"name":"(anonymous_6)","decl":{"start":{"line":10,"column":4},"end":{"line":10,"column":16}},"loc":{"start":{"line":13,"column":38},"end":{"line":22,"column":5}}},"1":{"name":"(anonymous_7)","decl":{"start":{"line":24,"column":4},"end":{"line":24,"column":18}},"loc":{"start":{"line":24,"column":49},"end":{"line":33,"column":5}}},"2":{"name":"(anonymous_8)","decl":{"start":{"line":35,"column":4},"end":{"line":35,"column":17}},"loc":{"start":{"line":35,"column":43},"end":{"line":44,"column":5}}},"3":{"name":"(anonymous_9)","decl":{"start":{"line":46,"column":4},"end":{"line":46,"column":13}},"loc":{"start":{"line":46,"column":26},"end":{"line":54,"column":5}}},"4":{"name":"(anonymous_10)","decl":{"start":{"line":56,"column":4},"end":{"line":56,"column":13}},"loc":{"start":{"line":56,"column":44},"end":{"line":81,"column":5}}},"5":{"name":"(anonymous_11)","decl":{"start":{"line":83,"column":4},"end":{"line":83,"column":16}},"loc":{"start":{"line":83,"column":16},"end":{"line":96,"column":5}}},"6":{"name":"(anonymous_12)","decl":{"start":{"line":84,"column":39},"end":{"line":84,"column":45}},"loc":{"start":{"line":84,"column":50},"end":{"line":88,"column":10}}},"7":{"name":"(anonymous_13)","decl":{"start":{"line":93,"column":29},"end":{"line":93,"column":30}},"loc":{"start":{"line":93,"column":40},"end":{"line":95,"column":9}}},"8":{"name":"(anonymous_14)","decl":{"start":{"line":98,"column":4},"end":{"line":98,"column":9}},"loc":{"start":{"line":98,"column":9},"end":{"line":100,"column":5}}},"9":{"name":"(anonymous_15)","decl":{"start":{"line":102,"column":4},"end":{"line":102,"column":8}},"loc":{"start":{"line":102,"column":8},"end":{"line":104,"column":5}}}},"branchMap":{"0":{"loc":{"start":{"line":26,"column":12},"end":{"line":28,"column":22}},"type":"switch","locations":[{"start":{"line":26,"column":12},"end":{"line":28,"column":22}},{"start":{"line":29,"column":12},"end":{"line":31,"column":22}}]},"1":{"loc":{"start":{"line":47,"column":8},"end":{"line":51,"column":null}},"type":"if","locations":[{"start":{"line":47,"column":8},"end":{"line":51,"column":null}},{"start":{"line":47,"column":8},"end":{"line":51,"column":null}}]},"2":{"loc":{"start":{"line":57,"column":8},"end":{"line":61,"column":null}},"type":"if","locations":[{"start":{"line":57,"column":8},"end":{"line":61,"column":null}},{"start":{"line":57,"column":8},"end":{"line":61,"column":null}}]},"3":{"loc":{"start":{"line":65,"column":8},"end":{"line":69,"column":null}},"type":"if","locations":[{"start":{"line":65,"column":8},"end":{"line":69,"column":null}},{"start":{"line":65,"column":8},"end":{"line":69,"column":null}}]}},"s":{"0":1,"1":1,"2":2,"3":2,"4":2,"5":2,"6":1,"7":0,"8":0,"9":1,"10":1,"11":1,"12":1,"13":1,"14":0,"15":0,"16":0,"17":1,"18":0,"19":0,"20":0,"21":1,"22":1,"23":0,"24":0,"25":0,"26":0,"27":0,"28":0,"29":0,"30":0,"31":0,"32":0,"33":0,"34":0,"35":1,"36":1,"37":1,"38":1,"39":1,"40":2,"41":2,"42":1},"f":{"0":2,"1":1,"2":1,"3":1,"4":0,"5":1,"6":1,"7":1,"8":2,"9":2},"b":{"0":[0,1],"1":[0,1],"2":[0,0],"3":[0,0]}}
,"/home/aditbro/balooney/backend/src/index.ts": {"path":"/home/aditbro/balooney/backend/src/index.ts","statementMap":{"0":{"start":{"line":1,"column":0},"end":{"line":1,"column":50}},"1":{"start":{"line":3,"column":13},"end":{"line":6,"column":null}},"2":{"start":{"line":8,"column":37},"end":{"line":8,"column":63}},"3":{"start":{"line":9,"column":0},"end":{"line":9,"column":null}}},"fnMap":{},"branchMap":{},"s":{"0":0,"1":0,"2":0,"3":0},"f":{},"b":{}}
,"/home/aditbro/balooney/backend/src/server.ts": {"path":"/home/aditbro/balooney/backend/src/server.ts","statementMap":{"0":{"start":{"line":1,"column":0},"end":{"line":1,"column":32}},"1":{"start":{"line":2,"column":0},"end":{"line":2,"column":25}},"2":{"start":{"line":3,"column":0},"end":{"line":3,"column":31}},"3":{"start":{"line":20,"column":8},"end":{"line":20,"column":43}},"4":{"start":{"line":21,"column":8},"end":{"line":21,"column":25}},"5":{"start":{"line":22,"column":8},"end":{"line":22,"column":39}},"6":{"start":{"line":23,"column":8},"end":{"line":23,"column":37}},"7":{"start":{"line":24,"column":8},"end":{"line":24,"column":null}},"8":{"start":{"line":25,"column":8},"end":{"line":25,"column":49}},"9":{"start":{"line":26,"column":8},"end":{"line":26,"column":26}},"10":{"start":{"line":27,"column":8},"end":{"line":27,"column":29}},"11":{"start":{"line":31,"column":32},"end":{"line":34,"column":10}},"12":{"start":{"line":35,"column":8},"end":{"line":35,"column":43}},"13":{"start":{"line":39,"column":18},"end":{"line":39,"column":63}},"14":{"start":{"line":40,"column":21},"end":{"line":40,"column":25}},"15":{"start":{"line":41,"column":8},"end":{"line":46,"column":11}},"16":{"start":{"line":42,"column":12},"end":{"line":45,"column":15}},"17":{"start":{"line":43,"column":33},"end":{"line":43,"column":44}},"18":{"start":{"line":44,"column":16},"end":{"line":44,"column":56}},"19":{"start":{"line":50,"column":8},"end":{"line":50,"column":38}},"20":{"start":{"line":54,"column":8},"end":{"line":54,"column":28}},"21":{"start":{"line":5,"column":0},"end":{"line":5,"column":13}}},"fnMap":{"0":{"name":"(anonymous_6)","decl":{"start":{"line":13,"column":4},"end":{"line":13,"column":16}},"loc":{"start":{"line":19,"column":30},"end":{"line":28,"column":5}}},"1":{"name":"(anonymous_7)","decl":{"start":{"line":30,"column":4},"end":{"line":30,"column":14}},"loc":{"start":{"line":30,"column":14},"end":{"line":36,"column":5}}},"2":{"name":"(anonymous_8)","decl":{"start":{"line":38,"column":4},"end":{"line":38,"column":17}},"loc":{"start":{"line":38,"column":17},"end":{"line":47,"column":5}}},"3":{"name":"connection","decl":{"start":{"line":41,"column":38},"end":{"line":41,"column":48}},"loc":{"start":{"line":41,"column":51},"end":{"line":46,"column":9}}},"4":{"name":"message","decl":{"start":{"line":42,"column":38},"end":{"line":42,"column":45}},"loc":{"start":{"line":42,"column":49},"end":{"line":45,"column":13}}},"5":{"name":"(anonymous_11)","decl":{"start":{"line":49,"column":4},"end":{"line":49,"column":9}},"loc":{"start":{"line":49,"column":9},"end":{"line":51,"column":5}}},"6":{"name":"(anonymous_12)","decl":{"start":{"line":53,"column":4},"end":{"line":53,"column":8}},"loc":{"start":{"line":53,"column":8},"end":{"line":55,"column":5}}}},"branchMap":{"0":{"loc":{"start":{"line":15,"column":24},"end":{"line":15,"column":33}},"type":"default-arg","locations":[{"start":{"line":15,"column":24},"end":{"line":15,"column":33}}]},"1":{"loc":{"start":{"line":16,"column":15},"end":{"line":16,"column":19}},"type":"default-arg","locations":[{"start":{"line":16,"column":15},"end":{"line":16,"column":19}}]},"2":{"loc":{"start":{"line":17,"column":21},"end":{"line":17,"column":40}},"type":"default-arg","locations":[{"start":{"line":17,"column":21},"end":{"line":17,"column":40}}]},"3":{"loc":{"start":{"line":18,"column":22},"end":{"line":18,"column":41}},"type":"default-arg","locations":[{"start":{"line":18,"column":22},"end":{"line":18,"column":41}}]}},"s":{"0":2,"1":2,"2":2,"3":3,"4":3,"5":3,"6":3,"7":3,"8":3,"9":3,"10":3,"11":6,"12":6,"13":3,"14":3,"15":3,"16":3,"17":2,"18":2,"19":3,"20":3,"21":2},"f":{"0":3,"1":6,"2":3,"3":3,"4":2,"5":3,"6":3},"b":{"0":[1],"1":[1],"2":[3],"3":[3]}}
}
