TN:
SF:src/gameController.ts
FN:10,(anonymous_6)
FN:24,(anonymous_7)
FN:35,(anonymous_8)
FN:46,(anonymous_9)
FN:56,(anonymous_10)
FN:83,(anonymous_11)
FN:84,(anonymous_12)
FN:93,(anonymous_13)
FN:98,(anonymous_14)
FN:102,(anonymous_15)
FNF:10
FNH:9
FNDA:2,(anonymous_6)
FNDA:1,(anonymous_7)
FNDA:1,(anonymous_8)
FNDA:1,(anonymous_9)
FNDA:0,(anonymous_10)
FNDA:1,(anonymous_11)
FNDA:1,(anonymous_12)
FNDA:1,(anonymous_13)
FNDA:2,(anonymous_14)
FNDA:2,(anonymous_15)
DA:1,1
DA:2,1
DA:4,1
DA:14,2
DA:15,2
DA:16,2
DA:17,2
DA:25,1
DA:27,0
DA:28,0
DA:30,1
DA:31,1
DA:36,1
DA:37,1
DA:38,1
DA:40,0
DA:41,0
DA:42,0
DA:47,1
DA:48,0
DA:49,0
DA:50,0
DA:52,1
DA:53,1
DA:57,0
DA:58,0
DA:59,0
DA:60,0
DA:63,0
DA:65,0
DA:66,0
DA:68,0
DA:71,0
DA:78,0
DA:79,0
DA:80,0
DA:84,1
DA:89,1
DA:93,1
DA:94,1
DA:99,2
DA:103,2
LF:42
LH:22
BRDA:26,0,0,0
BRDA:26,0,1,1
BRDA:47,1,0,0
BRDA:47,1,1,1
BRDA:57,2,0,0
BRDA:57,2,1,0
BRDA:65,3,0,0
BRDA:65,3,1,0
BRF:8
BRH:2
end_of_record
TN:
SF:src/index.ts
FNF:0
FNH:0
DA:1,0
DA:3,0
DA:8,0
DA:9,0
LF:4
LH:0
BRF:0
BRH:0
end_of_record
TN:
SF:src/server.ts
FN:13,(anonymous_6)
FN:30,(anonymous_7)
FN:38,(anonymous_8)
FN:41,connection
FN:42,message
FN:49,(anonymous_11)
FN:53,(anonymous_12)
FNF:7
FNH:7
FNDA:3,(anonymous_6)
FNDA:6,(anonymous_7)
FNDA:3,(anonymous_8)
FNDA:3,connection
FNDA:2,message
FNDA:3,(anonymous_11)
FNDA:3,(anonymous_12)
DA:1,2
DA:2,2
DA:3,2
DA:5,2
DA:20,3
DA:21,3
DA:22,3
DA:23,3
DA:24,3
DA:25,3
DA:26,3
DA:27,3
DA:31,6
DA:35,6
DA:39,3
DA:40,3
DA:41,3
DA:42,3
DA:43,2
DA:44,2
DA:50,3
DA:54,3
LF:22
LH:22
BRDA:15,0,0,1
BRDA:16,1,0,1
BRDA:17,2,0,3
BRDA:18,3,0,3
BRF:4
BRH:4
end_of_record
