TN:
SF:src/gameController.ts
FN:10,(anonymous_6)
FN:24,(anonymous_7)
FN:35,(anonymous_8)
FN:46,(anonymous_9)
FN:59,(anonymous_10)
FN:92,(anonymous_11)
FN:93,(anonymous_12)
FN:102,(anonymous_13)
FN:107,(anonymous_14)
FN:111,(anonymous_15)
FNF:10
FNH:10
FNDA:5,(anonymous_6)
FNDA:4,(anonymous_7)
FNDA:4,(anonymous_8)
FNDA:2,(anonymous_9)
FNDA:2,(anonymous_10)
FNDA:3,(anonymous_11)
FNDA:3,(anonymous_12)
FNDA:2,(anonymous_13)
FNDA:5,(anonymous_14)
FNDA:5,(anonymous_15)
DA:1,1
DA:2,1
DA:4,1
DA:14,5
DA:15,5
DA:16,5
DA:17,5
DA:25,4
DA:27,2
DA:28,2
DA:30,2
DA:31,2
DA:36,4
DA:37,4
DA:38,4
DA:40,0
DA:41,0
DA:42,0
DA:47,2
DA:48,1
DA:52,1
DA:53,1
DA:55,1
DA:56,1
DA:60,2
DA:61,0
DA:65,0
DA:66,0
DA:69,2
DA:71,2
DA:72,2
DA:74,0
DA:77,2
DA:84,2
DA:88,2
DA:89,2
DA:93,3
DA:98,3
DA:102,3
DA:103,2
DA:108,5
DA:112,5
LF:42
LH:35
BRDA:26,0,0,2
BRDA:26,0,1,2
BRDA:47,1,0,1
BRDA:47,1,1,1
BRDA:60,2,0,0
BRDA:60,2,1,2
BRDA:71,3,0,2
BRDA:71,3,1,0
BRF:8
BRH:6
end_of_record
TN:
SF:src/index.ts
FNF:0
FNH:0
DA:1,0
DA:3,0
DA:8,0
DA:9,0
LF:4
LH:0
BRF:0
BRH:0
end_of_record
TN:
SF:src/server.ts
FN:13,(anonymous_6)
FN:30,(anonymous_7)
FN:38,(anonymous_8)
FN:41,connection
FN:42,message
FN:49,(anonymous_11)
FN:53,(anonymous_12)
FNF:7
FNH:7
FNDA:6,(anonymous_6)
FNDA:12,(anonymous_7)
FNDA:6,(anonymous_8)
FNDA:6,connection
FNDA:5,message
FNDA:6,(anonymous_11)
FNDA:6,(anonymous_12)
DA:1,2
DA:2,2
DA:3,2
DA:5,2
DA:20,6
DA:21,6
DA:22,6
DA:23,6
DA:24,6
DA:25,6
DA:26,6
DA:27,6
DA:31,12
DA:35,12
DA:39,6
DA:40,6
DA:41,6
DA:42,6
DA:43,5
DA:44,5
DA:50,6
DA:54,6
LF:22
LH:22
BRDA:15,0,0,1
BRDA:16,1,0,1
BRDA:17,2,0,6
BRDA:18,3,0,6
BRF:4
BRH:4
end_of_record
